<?xml version="1.0" encoding="UTF-8"?>
<!-- Generated by org.testng.reporters.JUnitReportReporter -->
<testsuite hostname="Najiyas-MacBook-Air.local" failures="0" tests="1" name="com.test.LoginTest" time="0.297" errors="0" timestamp="2024-05-04T23:45:43 EEST" skipped="0">
  <testcase classname="com.test.LoginTest" name="executeLoginTest" time="0.297"/>
</testsuite> <!-- com.test.LoginTest -->
